---
  0 debug pnpm:scope: 
    selected: 1
    workspacePrefix: null
  1 info pnpm: 
    message: "A store server is running. All store manipulations are delegated to it."
    prefix: "/app"
  2 debug pnpm:package-json: 
    initial: 
      //1: "describes your app and its dependencies"
      //2: "https://docs.npmjs.com/files/package.json"
      //3: "updating this file will download and update your packages"
      name: "hello-express"
      version: "0.0.1"
      description: "A simple Node app built on Express, instantly up and running."
      main: "server.js"
      scripts: 
        start: "node server.js"
      dependencies: 
        cors: "^2.8.5"
        express: "^4.17.1"
        pug: "^2.0.4"
      engines: 
        node: "12.x"
      repository: 
        url: "https://glitch.com/edit/#!/hello-express"
      license: "MIT"
      keywords: 
        - "node"
        - "glitch"
        - "express"
      readme: "# hello-express\n\nA server that serves a webpage, its resources, and some data\n\n\n## Your Project\n\nOn the front-end,\n\n- Edit `views/index.html` to change the content of the webpage\n- `public/client.js` is the javacript that runs when you load the webpage\n- `public/style.css` is the styles for `views/index.html`\n- Drag in `assets`, like images or music, to add them to your project\n\nOn the back-end,\n\n- your app starts at `server.js`\n- add frameworks and packages in `package.json`\n- safely store app secrets in `.env` (nobody can see this but you and people you invite)\n\nClick `Show` in the header to see your app live. Updates to your code will instantly deploy.\n\n\n## Made by [Glitch](https://glitch.com/)\n\n**Glitch** is the friendly community where you'll build the app of your dreams. Glitch lets you instantly create, remix, edit, and host an app, bot or site, and you can invite collaborators or helpers to simultaneously edit code with you.\n\nFind out more [about Glitch](https://glitch.com/about).\n\n( ᵔ ᴥ ᵔ )"
      readmeFilename: "README.md"
      gitHead: "2e14996b725f1ddfbbd044fc04dcb1d2da9fe399"
      _id: "hello-express@0.0.1"
    prefix: "/app"
  3 info pnpm: 
    message: "Performing headless installation"
    prefix: "/app"
  4 debug pnpm:stats: 
    prefix: "/app"
    removed: 0
  5 debug pnpm:stage: 
    prefix: "/app"
    stage: "importing_started"
  6 debug pnpm:progress: 
    packageId: "registry.npmjs.org/cors/2.8.5"
    requester: "/app"
    status: "resolved"
  7 debug pnpm:progress: 
    packageId: "registry.npmjs.org/object-assign/4.1.1"
    requester: "/app"
    status: "resolved"
  8 debug pnpm:progress: 
    packageId: "registry.npmjs.org/vary/1.1.2"
    requester: "/app"
    status: "resolved"
  9 debug pnpm:progress: 
    packageId: "registry.npmjs.org/object-assign/4.1.1"
    requester: "/app"
    status: "found_in_store"
  10 debug pnpm:progress: 
    packageId: "registry.npmjs.org/express/4.17.1"
    requester: "/app"
    status: "resolved"
  11 debug pnpm:progress: 
    packageId: "registry.npmjs.org/vary/1.1.2"
    requester: "/app"
    status: "found_in_store"
  12 debug pnpm:progress: 
    packageId: "registry.npmjs.org/accepts/1.3.7"
    requester: "/app"
    status: "resolved"
  13 debug pnpm:progress: 
    packageId: "registry.npmjs.org/mime-types/2.1.25"
    requester: "/app"
    status: "resolved"
  14 debug pnpm:progress: 
    packageId: "registry.npmjs.org/mime-db/1.42.0"
    requester: "/app"
    status: "resolved"
  15 debug pnpm:progress: 
    packageId: "registry.npmjs.org/accepts/1.3.7"
    requester: "/app"
    status: "found_in_store"
  16 debug pnpm:progress: 
    packageId: "registry.npmjs.org/negotiator/0.6.2"
    requester: "/app"
    status: "resolved"
  17 debug pnpm:progress: 
    packageId: "registry.npmjs.org/mime-types/2.1.25"
    requester: "/app"
    status: "found_in_store"
  18 debug pnpm:progress: 
    packageId: "registry.npmjs.org/array-flatten/1.1.1"
    requester: "/app"
    status: "resolved"
  19 debug pnpm:progress: 
    packageId: "registry.npmjs.org/express/4.17.1"
    requester: "/app"
    status: "found_in_store"
  20 debug pnpm:progress: 
    packageId: "registry.npmjs.org/negotiator/0.6.2"
    requester: "/app"
    status: "found_in_store"
  21 debug pnpm:progress: 
    packageId: "registry.npmjs.org/body-parser/1.19.0"
    requester: "/app"
    status: "resolved"
  22 debug pnpm:progress: 
    packageId: "registry.npmjs.org/bytes/3.1.0"
    requester: "/app"
    status: "resolved"
  23 debug pnpm:progress: 
    packageId: "registry.npmjs.org/content-type/1.0.4"
    requester: "/app"
    status: "resolved"
  24 debug pnpm:progress: 
    packageId: "registry.npmjs.org/array-flatten/1.1.1"
    requester: "/app"
    status: "found_in_store"
  25 debug pnpm:progress: 
    packageId: "registry.npmjs.org/debug/2.6.9"
    requester: "/app"
    status: "resolved"
  26 debug pnpm:progress: 
    packageId: "registry.npmjs.org/ms/2.0.0"
    requester: "/app"
    status: "resolved"
  27 debug pnpm:progress: 
    packageId: "registry.npmjs.org/depd/1.1.2"
    requester: "/app"
    status: "resolved"
  28 debug pnpm:progress: 
    packageId: "registry.npmjs.org/bytes/3.1.0"
    requester: "/app"
    status: "found_in_store"
  29 debug pnpm:progress: 
    packageId: "registry.npmjs.org/body-parser/1.19.0"
    requester: "/app"
    status: "found_in_store"
  30 debug pnpm:progress: 
    packageId: "registry.npmjs.org/http-errors/1.7.2"
    requester: "/app"
    status: "resolved"
  31 debug pnpm:progress: 
    packageId: "registry.npmjs.org/content-type/1.0.4"
    requester: "/app"
    status: "found_in_store"
  32 debug pnpm:progress: 
    packageId: "registry.npmjs.org/mime-db/1.42.0"
    requester: "/app"
    status: "found_in_store"
  33 debug pnpm:progress: 
    packageId: "registry.npmjs.org/inherits/2.0.3"
    requester: "/app"
    status: "resolved"
  34 debug pnpm:progress: 
    packageId: "registry.npmjs.org/ms/2.0.0"
    requester: "/app"
    status: "found_in_store"
  35 debug pnpm:progress: 
    packageId: "registry.npmjs.org/setprototypeof/1.1.1"
    requester: "/app"
    status: "resolved"
  36 debug pnpm:progress: 
    packageId: "registry.npmjs.org/debug/2.6.9"
    requester: "/app"
    status: "found_in_store"
  37 debug pnpm:progress: 
    packageId: "registry.npmjs.org/depd/1.1.2"
    requester: "/app"
    status: "found_in_store"
  38 debug pnpm:progress: 
    packageId: "registry.npmjs.org/statuses/1.5.0"
    requester: "/app"
    status: "resolved"
  39 debug pnpm:progress: 
    packageId: "registry.npmjs.org/http-errors/1.7.2"
    requester: "/app"
    status: "found_in_store"
  40 debug pnpm:progress: 
    packageId: "registry.npmjs.org/inherits/2.0.3"
    requester: "/app"
    status: "found_in_store"
  41 debug pnpm:progress: 
    packageId: "registry.npmjs.org/toidentifier/1.0.0"
    requester: "/app"
    status: "resolved"
  42 debug pnpm:progress: 
    packageId: "registry.npmjs.org/setprototypeof/1.1.1"
    requester: "/app"
    status: "found_in_store"
  43 debug pnpm:progress: 
    packageId: "registry.npmjs.org/statuses/1.5.0"
    requester: "/app"
    status: "found_in_store"
  44 debug pnpm:progress: 
    packageId: "registry.npmjs.org/iconv-lite/0.4.24"
    requester: "/app"
    status: "resolved"
  45 debug pnpm:progress: 
    packageId: "registry.npmjs.org/safer-buffer/2.1.2"
    requester: "/app"
    status: "resolved"
  46 debug pnpm:progress: 
    packageId: "registry.npmjs.org/toidentifier/1.0.0"
    requester: "/app"
    status: "found_in_store"
  47 debug pnpm:progress: 
    packageId: "registry.npmjs.org/on-finished/2.3.0"
    requester: "/app"
    status: "resolved"
  48 debug pnpm:progress: 
    packageId: "registry.npmjs.org/ee-first/1.1.1"
    requester: "/app"
    status: "resolved"
  49 debug pnpm:progress: 
    packageId: "registry.npmjs.org/iconv-lite/0.4.24"
    requester: "/app"
    status: "found_in_store"
  50 debug pnpm:progress: 
    packageId: "registry.npmjs.org/safer-buffer/2.1.2"
    requester: "/app"
    status: "found_in_store"
  51 debug pnpm:progress: 
    packageId: "registry.npmjs.org/qs/6.7.0"
    requester: "/app"
    status: "resolved"
  52 debug pnpm:progress: 
    packageId: "registry.npmjs.org/on-finished/2.3.0"
    requester: "/app"
    status: "found_in_store"
  53 debug pnpm:progress: 
    packageId: "registry.npmjs.org/ee-first/1.1.1"
    requester: "/app"
    status: "found_in_store"
  54 debug pnpm:progress: 
    packageId: "registry.npmjs.org/raw-body/2.4.0"
    requester: "/app"
    status: "resolved"
  55 debug pnpm:progress: 
    packageId: "registry.npmjs.org/unpipe/1.0.0"
    requester: "/app"
    status: "resolved"
  56 debug pnpm:progress: 
    packageId: "registry.npmjs.org/type-is/1.6.18"
    requester: "/app"
    status: "resolved"
  57 debug pnpm:progress: 
    packageId: "registry.npmjs.org/media-typer/0.3.0"
    requester: "/app"
    status: "resolved"
  58 debug pnpm:progress: 
    packageId: "registry.npmjs.org/qs/6.7.0"
    requester: "/app"
    status: "found_in_store"
  59 debug pnpm:progress: 
    packageId: "registry.npmjs.org/raw-body/2.4.0"
    requester: "/app"
    status: "found_in_store"
  60 debug pnpm:progress: 
    packageId: "registry.npmjs.org/unpipe/1.0.0"
    requester: "/app"
    status: "found_in_store"
  61 debug pnpm:progress: 
    packageId: "registry.npmjs.org/content-disposition/0.5.3"
    requester: "/app"
    status: "resolved"
  62 debug pnpm:progress: 
    packageId: "registry.npmjs.org/type-is/1.6.18"
    requester: "/app"
    status: "found_in_store"
  63 debug pnpm:progress: 
    packageId: "registry.npmjs.org/safe-buffer/5.1.2"
    requester: "/app"
    status: "resolved"
  64 debug pnpm:progress: 
    packageId: "registry.npmjs.org/media-typer/0.3.0"
    requester: "/app"
    status: "found_in_store"
  65 debug pnpm:progress: 
    packageId: "registry.npmjs.org/cookie/0.4.0"
    requester: "/app"
    status: "resolved"
  66 debug pnpm:progress: 
    packageId: "registry.npmjs.org/content-disposition/0.5.3"
    requester: "/app"
    status: "found_in_store"
  67 debug pnpm:progress: 
    packageId: "registry.npmjs.org/cookie-signature/1.0.6"
    requester: "/app"
    status: "resolved"
  68 debug pnpm:progress: 
    packageId: "registry.npmjs.org/safe-buffer/5.1.2"
    requester: "/app"
    status: "found_in_store"
  69 debug pnpm:progress: 
    packageId: "registry.npmjs.org/encodeurl/1.0.2"
    requester: "/app"
    status: "resolved"
  70 debug pnpm:progress: 
    packageId: "registry.npmjs.org/cookie/0.4.0"
    requester: "/app"
    status: "found_in_store"
  71 debug pnpm:progress: 
    packageId: "registry.npmjs.org/cookie-signature/1.0.6"
    requester: "/app"
    status: "found_in_store"
  72 debug pnpm:progress: 
    packageId: "registry.npmjs.org/escape-html/1.0.3"
    requester: "/app"
    status: "resolved"
  73 debug pnpm:progress: 
    packageId: "registry.npmjs.org/encodeurl/1.0.2"
    requester: "/app"
    status: "found_in_store"
  74 debug pnpm:progress: 
    packageId: "registry.npmjs.org/etag/1.8.1"
    requester: "/app"
    status: "resolved"
  75 debug pnpm:progress: 
    packageId: "registry.npmjs.org/escape-html/1.0.3"
    requester: "/app"
    status: "found_in_store"
  76 debug pnpm:progress: 
    packageId: "registry.npmjs.org/finalhandler/1.1.2"
    requester: "/app"
    status: "resolved"
  77 debug pnpm:progress: 
    packageId: "registry.npmjs.org/etag/1.8.1"
    requester: "/app"
    status: "found_in_store"
  78 debug pnpm:progress: 
    packageId: "registry.npmjs.org/parseurl/1.3.3"
    requester: "/app"
    status: "resolved"
  79 debug pnpm:progress: 
    packageId: "registry.npmjs.org/fresh/0.5.2"
    requester: "/app"
    status: "resolved"
  80 debug pnpm:progress: 
    packageId: "registry.npmjs.org/merge-descriptors/1.0.1"
    requester: "/app"
    status: "resolved"
  81 debug pnpm:progress: 
    packageId: "registry.npmjs.org/finalhandler/1.1.2"
    requester: "/app"
    status: "found_in_store"
  82 debug pnpm:progress: 
    packageId: "registry.npmjs.org/parseurl/1.3.3"
    requester: "/app"
    status: "found_in_store"
  83 debug pnpm:progress: 
    packageId: "registry.npmjs.org/methods/1.1.2"
    requester: "/app"
    status: "resolved"
  84 debug pnpm:progress: 
    packageId: "registry.npmjs.org/fresh/0.5.2"
    requester: "/app"
    status: "found_in_store"
  85 debug pnpm:progress: 
    packageId: "registry.npmjs.org/merge-descriptors/1.0.1"
    requester: "/app"
    status: "found_in_store"
  86 debug pnpm:progress: 
    packageId: "registry.npmjs.org/path-to-regexp/0.1.7"
    requester: "/app"
    status: "resolved"
  87 debug pnpm:progress: 
    packageId: "registry.npmjs.org/methods/1.1.2"
    requester: "/app"
    status: "found_in_store"
  88 debug pnpm:progress: 
    packageId: "registry.npmjs.org/proxy-addr/2.0.5"
    requester: "/app"
    status: "resolved"
  89 debug pnpm:progress: 
    packageId: "registry.npmjs.org/path-to-regexp/0.1.7"
    requester: "/app"
    status: "found_in_store"
  90 debug pnpm:progress: 
    packageId: "registry.npmjs.org/forwarded/0.1.2"
    requester: "/app"
    status: "resolved"
  91 debug pnpm:progress: 
    packageId: "registry.npmjs.org/ipaddr.js/1.9.0"
    requester: "/app"
    status: "resolved"
  92 debug pnpm:progress: 
    packageId: "registry.npmjs.org/range-parser/1.2.1"
    requester: "/app"
    status: "resolved"
  93 debug pnpm:progress: 
    packageId: "registry.npmjs.org/proxy-addr/2.0.5"
    requester: "/app"
    status: "found_in_store"
  94 debug pnpm:progress: 
    packageId: "registry.npmjs.org/send/0.17.1"
    requester: "/app"
    status: "resolved"
  95 debug pnpm:progress: 
    packageId: "registry.npmjs.org/forwarded/0.1.2"
    requester: "/app"
    status: "found_in_store"
  96 debug pnpm:progress: 
    packageId: "registry.npmjs.org/destroy/1.0.4"
    requester: "/app"
    status: "resolved"
  97 debug pnpm:progress: 
    packageId: "registry.npmjs.org/http-errors/1.7.3"
    requester: "/app"
    status: "resolved"
  98 debug pnpm:progress: 
    packageId: "registry.npmjs.org/range-parser/1.2.1"
    requester: "/app"
    status: "found_in_store"
  99 debug pnpm:progress: 
    packageId: "registry.npmjs.org/ipaddr.js/1.9.0"
    requester: "/app"
    status: "found_in_store"
  100 debug pnpm:progress: 
    packageId: "registry.npmjs.org/inherits/2.0.4"
    requester: "/app"
    status: "resolved"
  101 debug pnpm:progress: 
    packageId: "registry.npmjs.org/send/0.17.1"
    requester: "/app"
    status: "found_in_store"
  102 debug pnpm:progress: 
    packageId: "registry.npmjs.org/destroy/1.0.4"
    requester: "/app"
    status: "found_in_store"
  103 debug pnpm:progress: 
    packageId: "registry.npmjs.org/http-errors/1.7.3"
    requester: "/app"
    status: "found_in_store"
  104 debug pnpm:progress: 
    packageId: "registry.npmjs.org/mime/1.6.0"
    requester: "/app"
    status: "resolved"
  105 debug pnpm:progress: 
    packageId: "registry.npmjs.org/inherits/2.0.4"
    requester: "/app"
    status: "found_in_store"
  106 debug pnpm:progress: 
    packageId: "registry.npmjs.org/ms/2.1.1"
    requester: "/app"
    status: "resolved"
  107 debug pnpm:progress: 
    packageId: "registry.npmjs.org/mime/1.6.0"
    requester: "/app"
    status: "found_in_store"
  108 debug pnpm:progress: 
    packageId: "registry.npmjs.org/serve-static/1.14.1"
    requester: "/app"
    status: "resolved"
  109 debug pnpm:progress: 
    packageId: "registry.npmjs.org/utils-merge/1.0.1"
    requester: "/app"
    status: "resolved"
  110 debug pnpm:progress: 
    packageId: "registry.npmjs.org/pug/2.0.4"
    requester: "/app"
    status: "resolved"
  111 debug pnpm:progress: 
    packageId: "registry.npmjs.org/pug-code-gen/2.0.2"
    requester: "/app"
    status: "resolved"
  112 debug pnpm:progress: 
    packageId: "registry.npmjs.org/ms/2.1.1"
    requester: "/app"
    status: "found_in_store"
  113 debug pnpm:progress: 
    packageId: "registry.npmjs.org/constantinople/3.1.2"
    requester: "/app"
    status: "resolved"
  114 debug pnpm:progress: 
    packageId: "registry.npmjs.org/serve-static/1.14.1"
    requester: "/app"
    status: "found_in_store"
  115 debug pnpm:progress: 
    packageId: "registry.npmjs.org/utils-merge/1.0.1"
    requester: "/app"
    status: "found_in_store"
  116 debug pnpm:progress: 
    packageId: "registry.npmjs.org/@types/babel-types/7.0.7"
    requester: "/app"
    status: "resolved"
  117 debug pnpm:progress: 
    packageId: "registry.npmjs.org/pug/2.0.4"
    requester: "/app"
    status: "found_in_store"
  118 debug pnpm:progress: 
    packageId: "registry.npmjs.org/pug-code-gen/2.0.2"
    requester: "/app"
    status: "found_in_store"
  119 debug pnpm:progress: 
    packageId: "registry.npmjs.org/@types/babylon/6.16.5"
    requester: "/app"
    status: "resolved"
  120 debug pnpm:progress: 
    packageId: "registry.npmjs.org/constantinople/3.1.2"
    requester: "/app"
    status: "found_in_store"
  121 debug pnpm:progress: 
    packageId: "registry.npmjs.org/babel-types/6.26.0"
    requester: "/app"
    status: "resolved"
  122 debug pnpm:progress: 
    packageId: "registry.npmjs.org/babel-runtime/6.26.0"
    requester: "/app"
    status: "resolved"
  123 debug pnpm:progress: 
    packageId: "registry.npmjs.org/@types/babylon/6.16.5"
    requester: "/app"
    status: "found_in_store"
  124 debug pnpm:progress: 
    packageId: "registry.npmjs.org/@types/babel-types/7.0.7"
    requester: "/app"
    status: "found_in_store"
  125 debug pnpm:progress: 
    packageId: "registry.npmjs.org/core-js/2.6.11"
    requester: "/app"
    status: "resolved"
  126 debug pnpm:progress: 
    packageId: "registry.npmjs.org/babel-types/6.26.0"
    requester: "/app"
    status: "found_in_store"
  127 debug pnpm:progress: 
    packageId: "registry.npmjs.org/regenerator-runtime/0.11.1"
    requester: "/app"
    status: "resolved"
  128 debug pnpm:progress: 
    packageId: "registry.npmjs.org/esutils/2.0.3"
    requester: "/app"
    status: "resolved"
  129 debug pnpm:progress: 
    packageId: "registry.npmjs.org/lodash/4.17.15"
    requester: "/app"
    status: "resolved"
  130 debug pnpm:progress: 
    packageId: "registry.npmjs.org/babel-runtime/6.26.0"
    requester: "/app"
    status: "found_in_store"
  131 debug pnpm:progress: 
    packageId: "registry.npmjs.org/regenerator-runtime/0.11.1"
    requester: "/app"
    status: "found_in_store"
  132 debug pnpm:progress: 
    packageId: "registry.npmjs.org/to-fast-properties/1.0.3"
    requester: "/app"
    status: "resolved"
  133 debug pnpm:progress: 
    packageId: "registry.npmjs.org/babylon/6.18.0"
    requester: "/app"
    status: "resolved"
  134 debug pnpm:progress: 
    packageId: "registry.npmjs.org/esutils/2.0.3"
    requester: "/app"
    status: "found_in_store"
  135 debug pnpm:progress: 
    packageId: "registry.npmjs.org/to-fast-properties/1.0.3"
    requester: "/app"
    status: "found_in_store"
  136 debug pnpm:progress: 
    packageId: "registry.npmjs.org/doctypes/1.1.0"
    requester: "/app"
    status: "resolved"
  137 debug pnpm:progress: 
    packageId: "registry.npmjs.org/js-stringify/1.0.2"
    requester: "/app"
    status: "resolved"
  138 debug pnpm:progress: 
    packageId: "registry.npmjs.org/pug-attrs/2.0.4"
    requester: "/app"
    status: "resolved"
  139 debug pnpm:progress: 
    packageId: "registry.npmjs.org/doctypes/1.1.0"
    requester: "/app"
    status: "found_in_store"
  140 debug pnpm:progress: 
    packageId: "registry.npmjs.org/pug-runtime/2.0.5"
    requester: "/app"
    status: "resolved"
  141 debug pnpm:progress: 
    packageId: "registry.npmjs.org/js-stringify/1.0.2"
    requester: "/app"
    status: "found_in_store"
  142 debug pnpm:progress: 
    packageId: "registry.npmjs.org/pug-error/1.3.3"
    requester: "/app"
    status: "resolved"
  143 debug pnpm:progress: 
    packageId: "registry.npmjs.org/pug-attrs/2.0.4"
    requester: "/app"
    status: "found_in_store"
  144 debug pnpm:progress: 
    packageId: "registry.npmjs.org/void-elements/2.0.1"
    requester: "/app"
    status: "resolved"
  145 debug pnpm:progress: 
    packageId: "registry.npmjs.org/pug-runtime/2.0.5"
    requester: "/app"
    status: "found_in_store"
  146 debug pnpm:progress: 
    packageId: "registry.npmjs.org/with/5.1.1"
    requester: "/app"
    status: "resolved"
  147 debug pnpm:progress: 
    packageId: "registry.npmjs.org/pug-error/1.3.3"
    requester: "/app"
    status: "found_in_store"
  148 debug pnpm:progress: 
    packageId: "registry.npmjs.org/acorn/3.3.0"
    requester: "/app"
    status: "resolved"
  149 debug pnpm:progress: 
    packageId: "registry.npmjs.org/babylon/6.18.0"
    requester: "/app"
    status: "found_in_store"
  150 debug pnpm:progress: 
    packageId: "registry.npmjs.org/void-elements/2.0.1"
    requester: "/app"
    status: "found_in_store"
  151 debug pnpm:progress: 
    packageId: "registry.npmjs.org/acorn-globals/3.1.0"
    requester: "/app"
    status: "resolved"
  152 debug pnpm:progress: 
    packageId: "registry.npmjs.org/with/5.1.1"
    requester: "/app"
    status: "found_in_store"
  153 debug pnpm:progress: 
    packageId: "registry.npmjs.org/acorn/4.0.13"
    requester: "/app"
    status: "resolved"
  154 debug pnpm:progress: 
    packageId: "registry.npmjs.org/pug-filters/3.1.1"
    requester: "/app"
    status: "resolved"
  155 debug pnpm:progress: 
    packageId: "registry.npmjs.org/acorn-globals/3.1.0"
    requester: "/app"
    status: "found_in_store"
  156 debug pnpm:progress: 
    packageId: "registry.npmjs.org/clean-css/4.2.3"
    requester: "/app"
    status: "resolved"
  157 debug pnpm:progress: 
    packageId: "registry.npmjs.org/source-map/0.6.1"
    requester: "/app"
    status: "resolved"
  158 debug pnpm:progress: 
    packageId: "registry.npmjs.org/pug-filters/3.1.1"
    requester: "/app"
    status: "found_in_store"
  159 debug pnpm:progress: 
    packageId: "registry.npmjs.org/acorn/3.3.0"
    requester: "/app"
    status: "found_in_store"
  160 debug pnpm:progress: 
    packageId: "registry.npmjs.org/jstransformer/1.0.0"
    requester: "/app"
    status: "resolved"
  161 debug pnpm:progress: 
    packageId: "registry.npmjs.org/is-promise/2.1.0"
    requester: "/app"
    status: "resolved"
  162 debug pnpm:progress: 
    packageId: "registry.npmjs.org/lodash/4.17.15"
    requester: "/app"
    status: "found_in_store"
  163 debug pnpm:progress: 
    packageId: "registry.npmjs.org/acorn/4.0.13"
    requester: "/app"
    status: "found_in_store"
  164 debug pnpm:progress: 
    packageId: "registry.npmjs.org/clean-css/4.2.3"
    requester: "/app"
    status: "found_in_store"
  165 debug pnpm:progress: 
    packageId: "registry.npmjs.org/jstransformer/1.0.0"
    requester: "/app"
    status: "found_in_store"
  166 debug pnpm:progress: 
    packageId: "registry.npmjs.org/promise/7.3.1"
    requester: "/app"
    status: "resolved"
  167 debug pnpm:progress: 
    packageId: "registry.npmjs.org/is-promise/2.1.0"
    requester: "/app"
    status: "found_in_store"
  168 debug pnpm:progress: 
    packageId: "registry.npmjs.org/asap/2.0.6"
    requester: "/app"
    status: "resolved"
  169 debug pnpm:progress: 
    packageId: "registry.npmjs.org/pug-walk/1.1.8"
    requester: "/app"
    status: "resolved"
  170 debug pnpm:progress: 
    packageId: "registry.npmjs.org/promise/7.3.1"
    requester: "/app"
    status: "found_in_store"
  171 debug pnpm:progress: 
    packageId: "registry.npmjs.org/core-js/2.6.11"
    requester: "/app"
    status: "found_in_store"
  172 debug pnpm:progress: 
    packageId: "registry.npmjs.org/resolve/1.16.1"
    requester: "/app"
    status: "resolved"
  173 debug pnpm:progress: 
    packageId: "registry.npmjs.org/asap/2.0.6"
    requester: "/app"
    status: "found_in_store"
  174 debug pnpm:progress: 
    packageId: "registry.npmjs.org/pug-walk/1.1.8"
    requester: "/app"
    status: "found_in_store"
  175 debug pnpm:progress: 
    packageId: "registry.npmjs.org/source-map/0.6.1"
    requester: "/app"
    status: "found_in_store"
  176 debug pnpm:progress: 
    packageId: "registry.npmjs.org/path-parse/1.0.6"
    requester: "/app"
    status: "resolved"
  177 debug pnpm:progress: 
    packageId: "registry.npmjs.org/uglify-js/2.8.29"
    requester: "/app"
    status: "resolved"
  178 debug pnpm:progress: 
    packageId: "registry.npmjs.org/resolve/1.16.1"
    requester: "/app"
    status: "found_in_store"
  179 debug pnpm:progress: 
    packageId: "registry.npmjs.org/source-map/0.5.7"
    requester: "/app"
    status: "resolved"
  180 debug pnpm:progress: 
    packageId: "registry.npmjs.org/path-parse/1.0.6"
    requester: "/app"
    status: "found_in_store"
  181 debug pnpm:progress: 
    packageId: "registry.npmjs.org/yargs/3.10.0"
    requester: "/app"
    status: "resolved"
  182 debug pnpm:progress: 
    packageId: "registry.npmjs.org/camelcase/1.2.1"
    requester: "/app"
    status: "resolved"
  183 debug pnpm:progress: 
    packageId: "registry.npmjs.org/cliui/2.1.0"
    requester: "/app"
    status: "resolved"
  184 debug pnpm:progress: 
    packageId: "registry.npmjs.org/yargs/3.10.0"
    requester: "/app"
    status: "found_in_store"
  185 debug pnpm:progress: 
    packageId: "registry.npmjs.org/camelcase/1.2.1"
    requester: "/app"
    status: "found_in_store"
  186 debug pnpm:progress: 
    packageId: "registry.npmjs.org/uglify-js/2.8.29"
    requester: "/app"
    status: "found_in_store"
  187 debug pnpm:progress: 
    packageId: "registry.npmjs.org/center-align/0.1.3"
    requester: "/app"
    status: "resolved"
  188 debug pnpm:progress: 
    packageId: "registry.npmjs.org/cliui/2.1.0"
    requester: "/app"
    status: "found_in_store"
  189 debug pnpm:progress: 
    packageId: "registry.npmjs.org/align-text/0.1.4"
    requester: "/app"
    status: "resolved"
  190 debug pnpm:progress: 
    packageId: "registry.npmjs.org/center-align/0.1.3"
    requester: "/app"
    status: "found_in_store"
  191 debug pnpm:progress: 
    packageId: "registry.npmjs.org/source-map/0.5.7"
    requester: "/app"
    status: "found_in_store"
  192 debug pnpm:progress: 
    packageId: "registry.npmjs.org/align-text/0.1.4"
    requester: "/app"
    status: "found_in_store"
  193 debug pnpm:progress: 
    packageId: "registry.npmjs.org/kind-of/3.2.2"
    requester: "/app"
    status: "resolved"
  194 debug pnpm:progress: 
    packageId: "registry.npmjs.org/is-buffer/1.1.6"
    requester: "/app"
    status: "resolved"
  195 debug pnpm:progress: 
    packageId: "registry.npmjs.org/kind-of/3.2.2"
    requester: "/app"
    status: "found_in_store"
  196 debug pnpm:progress: 
    packageId: "registry.npmjs.org/is-buffer/1.1.6"
    requester: "/app"
    status: "found_in_store"
  197 debug pnpm:progress: 
    packageId: "registry.npmjs.org/longest/1.0.1"
    requester: "/app"
    status: "resolved"
  198 debug pnpm:progress: 
    packageId: "registry.npmjs.org/longest/1.0.1"
    requester: "/app"
    status: "found_in_store"
  199 debug pnpm:progress: 
    packageId: "registry.npmjs.org/repeat-string/1.6.1"
    requester: "/app"
    status: "resolved"
  200 debug pnpm:progress: 
    packageId: "registry.npmjs.org/lazy-cache/1.0.4"
    requester: "/app"
    status: "resolved"
  201 debug pnpm:progress: 
    packageId: "registry.npmjs.org/repeat-string/1.6.1"
    requester: "/app"
    status: "found_in_store"
  202 debug pnpm:progress: 
    packageId: "registry.npmjs.org/lazy-cache/1.0.4"
    requester: "/app"
    status: "found_in_store"
  203 debug pnpm:progress: 
    packageId: "registry.npmjs.org/right-align/0.1.3"
    requester: "/app"
    status: "resolved"
  204 debug pnpm:progress: 
    packageId: "registry.npmjs.org/right-align/0.1.3"
    requester: "/app"
    status: "found_in_store"
  205 debug pnpm:progress: 
    packageId: "registry.npmjs.org/wordwrap/0.0.2"
    requester: "/app"
    status: "resolved"
  206 debug pnpm:progress: 
    packageId: "registry.npmjs.org/decamelize/1.2.0"
    requester: "/app"
    status: "resolved"
  207 debug pnpm:progress: 
    packageId: "registry.npmjs.org/wordwrap/0.0.2"
    requester: "/app"
    status: "found_in_store"
  208 debug pnpm:progress: 
    packageId: "registry.npmjs.org/decamelize/1.2.0"
    requester: "/app"
    status: "found_in_store"
  209 debug pnpm:progress: 
    packageId: "registry.npmjs.org/window-size/0.1.0"
    requester: "/app"
    status: "resolved"
  210 debug pnpm:progress: 
    packageId: "registry.npmjs.org/window-size/0.1.0"
    requester: "/app"
    status: "found_in_store"
  211 debug pnpm:progress: 
    packageId: "registry.npmjs.org/uglify-to-browserify/1.0.2"
    requester: "/app"
    status: "resolved"
  212 debug pnpm:progress: 
    packageId: "registry.npmjs.org/uglify-to-browserify/1.0.2"
    requester: "/app"
    status: "found_in_store"
  213 debug pnpm:progress: 
    packageId: "registry.npmjs.org/pug-lexer/4.1.0"
    requester: "/app"
    status: "resolved"
  214 debug pnpm:progress: 
    packageId: "registry.npmjs.org/pug-lexer/4.1.0"
    requester: "/app"
    status: "found_in_store"
  215 debug pnpm:progress: 
    packageId: "registry.npmjs.org/character-parser/2.2.0"
    requester: "/app"
    status: "resolved"
  216 debug pnpm:progress: 
    packageId: "registry.npmjs.org/character-parser/2.2.0"
    requester: "/app"
    status: "found_in_store"
  217 debug pnpm:progress: 
    packageId: "registry.npmjs.org/is-regex/1.0.5"
    requester: "/app"
    status: "resolved"
  218 debug pnpm:progress: 
    packageId: "registry.npmjs.org/is-regex/1.0.5"
    requester: "/app"
    status: "found_in_store"
  219 debug pnpm:progress: 
    packageId: "registry.npmjs.org/has/1.0.3"
    requester: "/app"
    status: "resolved"
  220 debug pnpm:progress: 
    packageId: "registry.npmjs.org/has/1.0.3"
    requester: "/app"
    status: "found_in_store"
  221 debug pnpm:progress: 
    packageId: "registry.npmjs.org/function-bind/1.1.1"
    requester: "/app"
    status: "resolved"
  222 debug pnpm:progress: 
    packageId: "registry.npmjs.org/is-expression/3.0.0"
    requester: "/app"
    status: "resolved"
  223 debug pnpm:progress: 
    packageId: "registry.npmjs.org/pug-linker/3.0.6"
    requester: "/app"
    status: "resolved"
  224 debug pnpm:progress: 
    packageId: "registry.npmjs.org/function-bind/1.1.1"
    requester: "/app"
    status: "found_in_store"
  225 debug pnpm:progress: 
    packageId: "registry.npmjs.org/pug-load/2.0.12"
    requester: "/app"
    status: "resolved"
  226 debug pnpm:progress: 
    packageId: "registry.npmjs.org/is-expression/3.0.0"
    requester: "/app"
    status: "found_in_store"
  227 debug pnpm:progress: 
    packageId: "registry.npmjs.org/pug-linker/3.0.6"
    requester: "/app"
    status: "found_in_store"
  228 debug pnpm:progress: 
    packageId: "registry.npmjs.org/pug-load/2.0.12"
    requester: "/app"
    status: "found_in_store"
  229 debug pnpm:progress: 
    packageId: "registry.npmjs.org/pug-parser/5.0.1"
    requester: "/app"
    status: "resolved"
  230 debug pnpm:progress: 
    packageId: "registry.npmjs.org/pug-parser/5.0.1"
    requester: "/app"
    status: "found_in_store"
  231 debug pnpm:progress: 
    packageId: "registry.npmjs.org/token-stream/0.0.1"
    requester: "/app"
    status: "resolved"
  232 debug pnpm:progress: 
    packageId: "registry.npmjs.org/pug-strip-comments/1.0.4"
    requester: "/app"
    status: "resolved"
  233 debug pnpm:progress: 
    packageId: "registry.npmjs.org/token-stream/0.0.1"
    requester: "/app"
    status: "found_in_store"
  234 debug pnpm:progress: 
    packageId: "registry.npmjs.org/pug-strip-comments/1.0.4"
    requester: "/app"
    status: "found_in_store"
  235 debug pnpm:stats: 
    added: 115
    prefix: "/app"
  236 debug pnpm:link: 
    target: "/rbd/pnpm-volume/2010a801-58d7-44aa-996b-b55ae8147242/node_modules/.registry.npmjs.org/object-assign/4.1.1/node_modules/object-assign"
    link: "/rbd/pnpm-volume/2010a801-58d7-44aa-996b-b55ae8147242/node_modules/.registry.npmjs.org/cors/2.8.5/node_modules/object-assign"
  237 debug pnpm:link: 
    target: "/rbd/pnpm-volume/2010a801-58d7-44aa-996b-b55ae8147242/node_modules/.registry.npmjs.org/vary/1.1.2/node_modules/vary"
    link: "/rbd/pnpm-volume/2010a801-58d7-44aa-996b-b55ae8147242/node_modules/.registry.npmjs.org/cors/2.8.5/node_modules/vary"
  238 debug pnpm:link: 
    target: "/rbd/pnpm-volume/2010a801-58d7-44aa-996b-b55ae8147242/node_modules/.registry.npmjs.org/accepts/1.3.7/node_modules/accepts"
    link: "/rbd/pnpm-volume/2010a801-58d7-44aa-996b-b55ae8147242/node_modules/.registry.npmjs.org/express/4.17.1/node_modules/accepts"
  239 debug pnpm:link: 
    target: "/rbd/pnpm-volume/2010a801-58d7-44aa-996b-b55ae8147242/node_modules/.registry.npmjs.org/array-flatten/1.1.1/node_modules/array-flatten"
    link: "/rbd/pnpm-volume/2010a801-58d7-44aa-996b-b55ae8147242/node_modules/.registry.npmjs.org/express/4.17.1/node_modules/array-flatten"
  240 debug pnpm:link: 
    target: "/rbd/pnpm-volume/2010a801-58d7-44aa-996b-b55ae8147242/node_modules/.registry.npmjs.org/body-parser/1.19.0/node_modules/body-parser"
    link: "/rbd/pnpm-volume/2010a801-58d7-44aa-996b-b55ae8147242/node_modules/.registry.npmjs.org/express/4.17.1/node_modules/body-parser"
  241 debug pnpm:link: 
    target: "/rbd/pnpm-volume/2010a801-58d7-44aa-996b-b55ae8147242/node_modules/.registry.npmjs.org/content-disposition/0.5.3/node_modules/content-disposition"
    link: "/rbd/pnpm-volume/2010a801-58d7-44aa-996b-b55ae8147242/node_modules/.registry.npmjs.org/express/4.17.1/node_modules/content-disposition"
  242 debug pnpm:link: 
    target: "/rbd/pnpm-volume/2010a801-58d7-44aa-996b-b55ae8147242/node_modules/.registry.npmjs.org/content-type/1.0.4/node_modules/content-type"
    link: "/rbd/pnpm-volume/2010a801-58d7-44aa-996b-b55ae8147242/node_modules/.registry.npmjs.org/express/4.17.1/node_modules/content-type"
  243 debug pnpm:link: 
    target: "/rbd/pnpm-volume/2010a801-58d7-44aa-996b-b55ae8147242/node_modules/.registry.npmjs.org/cookie/0.4.0/node_modules/cookie"
    link: "/rbd/pnpm-volume/2010a801-58d7-44aa-996b-b55ae8147242/node_modules/.registry.npmjs.org/express/4.17.1/node_modules/cookie"
  244 debug pnpm:link: 
    target: "/rbd/pnpm-volume/2010a801-58d7-44aa-996b-b55ae8147242/node_modules/.registry.npmjs.org/cookie-signature/1.0.6/node_modules/cookie-signature"
    link: "/rbd/pnpm-volume/2010a801-58d7-44aa-996b-b55ae8147242/node_modules/.registry.npmjs.org/express/4.17.1/node_modules/cookie-signature"
  245 debug pnpm:link: 
    target: "/rbd/pnpm-volume/2010a801-58d7-44aa-996b-b55ae8147242/node_modules/.registry.npmjs.org/debug/2.6.9/node_modules/debug"
    link: "/rbd/pnpm-volume/2010a801-58d7-44aa-996b-b55ae8147242/node_modules/.registry.npmjs.org/express/4.17.1/node_modules/debug"
  246 debug pnpm:link: 
    target: "/rbd/pnpm-volume/2010a801-58d7-44aa-996b-b55ae8147242/node_modules/.registry.npmjs.org/depd/1.1.2/node_modules/depd"
    link: "/rbd/pnpm-volume/2010a801-58d7-44aa-996b-b55ae8147242/node_modules/.registry.npmjs.org/express/4.17.1/node_modules/depd"
  247 debug pnpm:link: 
    target: "/rbd/pnpm-volume/2010a801-58d7-44aa-996b-b55ae8147242/node_modules/.registry.npmjs.org/encodeurl/1.0.2/node_modules/encodeurl"
    link: "/rbd/pnpm-volume/2010a801-58d7-44aa-996b-b55ae8147242/node_modules/.registry.npmjs.org/express/4.17.1/node_modules/encodeurl"
  248 debug pnpm:link: 
    target: "/rbd/pnpm-volume/2010a801-58d7-44aa-996b-b55ae8147242/node_modules/.registry.npmjs.org/escape-html/1.0.3/node_modules/escape-html"
    link: "/rbd/pnpm-volume/2010a801-58d7-44aa-996b-b55ae8147242/node_modules/.registry.npmjs.org/express/4.17.1/node_modules/escape-html"
  249 debug pnpm:link: 
    target: "/rbd/pnpm-volume/2010a801-58d7-44aa-996b-b55ae8147242/node_modules/.registry.npmjs.org/etag/1.8.1/node_modules/etag"
    link: "/rbd/pnpm-volume/2010a801-58d7-44aa-996b-b55ae8147242/node_modules/.registry.npmjs.org/express/4.17.1/node_modules/etag"
  250 debug pnpm:link: 
    target: "/rbd/pnpm-volume/2010a801-58d7-44aa-996b-b55ae8147242/node_modules/.registry.npmjs.org/finalhandler/1.1.2/node_modules/finalhandler"
    link: "/rbd/pnpm-volume/2010a801-58d7-44aa-996b-b55ae8147242/node_modules/.registry.npmjs.org/express/4.17.1/node_modules/finalhandler"
  251 debug pnpm:link: 
    target: "/rbd/pnpm-volume/2010a801-58d7-44aa-996b-b55ae8147242/node_modules/.registry.npmjs.org/fresh/0.5.2/node_modules/fresh"
    link: "/rbd/pnpm-volume/2010a801-58d7-44aa-996b-b55ae8147242/node_modules/.registry.npmjs.org/express/4.17.1/node_modules/fresh"
  252 debug pnpm:link: 
    target: "/rbd/pnpm-volume/2010a801-58d7-44aa-996b-b55ae8147242/node_modules/.registry.npmjs.org/merge-descriptors/1.0.1/node_modules/merge-descriptors"
    link: "/rbd/pnpm-volume/2010a801-58d7-44aa-996b-b55ae8147242/node_modules/.registry.npmjs.org/express/4.17.1/node_modules/merge-descriptors"
  253 debug pnpm:link: 
    target: "/rbd/pnpm-volume/2010a801-58d7-44aa-996b-b55ae8147242/node_modules/.registry.npmjs.org/methods/1.1.2/node_modules/methods"
    link: "/rbd/pnpm-volume/2010a801-58d7-44aa-996b-b55ae8147242/node_modules/.registry.npmjs.org/express/4.17.1/node_modules/methods"
  254 debug pnpm:link: 
    target: "/rbd/pnpm-volume/2010a801-58d7-44aa-996b-b55ae8147242/node_modules/.registry.npmjs.org/on-finished/2.3.0/node_modules/on-finished"
    link: "/rbd/pnpm-volume/2010a801-58d7-44aa-996b-b55ae8147242/node_modules/.registry.npmjs.org/express/4.17.1/node_modules/on-finished"
  255 debug pnpm:link: 
    target: "/rbd/pnpm-volume/2010a801-58d7-44aa-996b-b55ae8147242/node_modules/.registry.npmjs.org/parseurl/1.3.3/node_modules/parseurl"
    link: "/rbd/pnpm-volume/2010a801-58d7-44aa-996b-b55ae8147242/node_modules/.registry.npmjs.org/express/4.17.1/node_modules/parseurl"
  256 debug pnpm:link: 
    target: "/rbd/pnpm-volume/2010a801-58d7-44aa-996b-b55ae8147242/node_modules/.registry.npmjs.org/path-to-regexp/0.1.7/node_modules/path-to-regexp"
    link: "/rbd/pnpm-volume/2010a801-58d7-44aa-996b-b55ae8147242/node_modules/.registry.npmjs.org/express/4.17.1/node_modules/path-to-regexp"
  257 debug pnpm:link: 
    target: "/rbd/pnpm-volume/2010a801-58d7-44aa-996b-b55ae8147242/node_modules/.registry.npmjs.org/proxy-addr/2.0.5/node_modules/proxy-addr"
    link: "/rbd/pnpm-volume/2010a801-58d7-44aa-996b-b55ae8147242/node_modules/.registry.npmjs.org/express/4.17.1/node_modules/proxy-addr"
  258 debug pnpm:link: 
    target: "/rbd/pnpm-volume/2010a801-58d7-44aa-996b-b55ae8147242/node_modules/.registry.npmjs.org/qs/6.7.0/node_modules/qs"
    link: "/rbd/pnpm-volume/2010a801-58d7-44aa-996b-b55ae8147242/node_modules/.registry.npmjs.org/express/4.17.1/node_modules/qs"
  259 debug pnpm:link: 
    target: "/rbd/pnpm-volume/2010a801-58d7-44aa-996b-b55ae8147242/node_modules/.registry.npmjs.org/range-parser/1.2.1/node_modules/range-parser"
    link: "/rbd/pnpm-volume/2010a801-58d7-44aa-996b-b55ae8147242/node_modules/.registry.npmjs.org/express/4.17.1/node_modules/range-parser"
  260 debug pnpm:link: 
    target: "/rbd/pnpm-volume/2010a801-58d7-44aa-996b-b55ae8147242/node_modules/.registry.npmjs.org/safe-buffer/5.1.2/node_modules/safe-buffer"
    link: "/rbd/pnpm-volume/2010a801-58d7-44aa-996b-b55ae8147242/node_modules/.registry.npmjs.org/express/4.17.1/node_modules/safe-buffer"
  261 debug pnpm:link: 
    target: "/rbd/pnpm-volume/2010a801-58d7-44aa-996b-b55ae8147242/node_modules/.registry.npmjs.org/send/0.17.1/node_modules/send"
    link: "/rbd/pnpm-volume/2010a801-58d7-44aa-996b-b55ae8147242/node_modules/.registry.npmjs.org/express/4.17.1/node_modules/send"
  262 debug pnpm:link: 
    target: "/rbd/pnpm-volume/2010a801-58d7-44aa-996b-b55ae8147242/node_modules/.registry.npmjs.org/serve-static/1.14.1/node_modules/serve-static"
    link: "/rbd/pnpm-volume/2010a801-58d7-44aa-996b-b55ae8147242/node_modules/.registry.npmjs.org/express/4.17.1/node_modules/serve-static"
  263 debug pnpm:link: 
    target: "/rbd/pnpm-volume/2010a801-58d7-44aa-996b-b55ae8147242/node_modules/.registry.npmjs.org/setprototypeof/1.1.1/node_modules/setprototypeof"
    link: "/rbd/pnpm-volume/2010a801-58d7-44aa-996b-b55ae8147242/node_modules/.registry.npmjs.org/express/4.17.1/node_modules/setprototypeof"
  264 debug pnpm:link: 
    target: "/rbd/pnpm-volume/2010a801-58d7-44aa-996b-b55ae8147242/node_modules/.registry.npmjs.org/statuses/1.5.0/node_modules/statuses"
    link: "/rbd/pnpm-volume/2010a801-58d7-44aa-996b-b55ae8147242/node_modules/.registry.npmjs.org/express/4.17.1/node_modules/statuses"
  265 debug pnpm:link: 
    target: "/rbd/pnpm-volume/2010a801-58d7-44aa-996b-b55ae8147242/node_modules/.registry.npmjs.org/type-is/1.6.18/node_modules/type-is"
    link: "/rbd/pnpm-volume/2010a801-58d7-44aa-996b-b55ae8147242/node_modules/.registry.npmjs.org/express/4.17.1/node_modules/type-is"
  266 debug pnpm:link: 
    target: "/rbd/pnpm-volume/2010a801-58d7-44aa-996b-b55ae8147242/node_modules/.registry.npmjs.org/utils-merge/1.0.1/node_modules/utils-merge"
    link: "/rbd/pnpm-volume/2010a801-58d7-44aa-996b-b55ae8147242/node_modules/.registry.npmjs.org/express/4.17.1/node_modules/utils-merge"
  267 debug pnpm:link: 
    target: "/rbd/pnpm-volume/2010a801-58d7-44aa-996b-b55ae8147242/node_modules/.registry.npmjs.org/vary/1.1.2/node_modules/vary"
    link: "/rbd/pnpm-volume/2010a801-58d7-44aa-996b-b55ae8147242/node_modules/.registry.npmjs.org/express/4.17.1/node_modules/vary"
  268 debug pnpm:link: 
    target: "/rbd/pnpm-volume/2010a801-58d7-44aa-996b-b55ae8147242/node_modules/.registry.npmjs.org/mime-types/2.1.25/node_modules/mime-types"
    link: "/rbd/pnpm-volume/2010a801-58d7-44aa-996b-b55ae8147242/node_modules/.registry.npmjs.org/accepts/1.3.7/node_modules/mime-types"
  269 debug pnpm:link: 
    target: "/rbd/pnpm-volume/2010a801-58d7-44aa-996b-b55ae8147242/node_modules/.registry.npmjs.org/negotiator/0.6.2/node_modules/negotiator"
    link: "/rbd/pnpm-volume/2010a801-58d7-44aa-996b-b55ae8147242/node_modules/.registry.npmjs.org/accepts/1.3.7/node_modules/negotiator"
  270 debug pnpm:link: 
    target: "/rbd/pnpm-volume/2010a801-58d7-44aa-996b-b55ae8147242/node_modules/.registry.npmjs.org/mime-db/1.42.0/node_modules/mime-db"
    link: "/rbd/pnpm-volume/2010a801-58d7-44aa-996b-b55ae8147242/node_modules/.registry.npmjs.org/mime-types/2.1.25/node_modules/mime-db"
  271 debug pnpm:link: 
    target: "/rbd/pnpm-volume/2010a801-58d7-44aa-996b-b55ae8147242/node_modules/.registry.npmjs.org/bytes/3.1.0/node_modules/bytes"
    link: "/rbd/pnpm-volume/2010a801-58d7-44aa-996b-b55ae8147242/node_modules/.registry.npmjs.org/body-parser/1.19.0/node_modules/bytes"
  272 debug pnpm:link: 
    target: "/rbd/pnpm-volume/2010a801-58d7-44aa-996b-b55ae8147242/node_modules/.registry.npmjs.org/content-type/1.0.4/node_modules/content-type"
    link: "/rbd/pnpm-volume/2010a801-58d7-44aa-996b-b55ae8147242/node_modules/.registry.npmjs.org/body-parser/1.19.0/node_modules/content-type"
  273 debug pnpm:link: 
    target: "/rbd/pnpm-volume/2010a801-58d7-44aa-996b-b55ae8147242/node_modules/.registry.npmjs.org/debug/2.6.9/node_modules/debug"
    link: "/rbd/pnpm-volume/2010a801-58d7-44aa-996b-b55ae8147242/node_modules/.registry.npmjs.org/body-parser/1.19.0/node_modules/debug"
  274 debug pnpm:link: 
    target: "/rbd/pnpm-volume/2010a801-58d7-44aa-996b-b55ae8147242/node_modules/.registry.npmjs.org/depd/1.1.2/node_modules/depd"
    link: "/rbd/pnpm-volume/2010a801-58d7-44aa-996b-b55ae8147242/node_modules/.registry.npmjs.org/body-parser/1.19.0/node_modules/depd"
  275 debug pnpm:link: 
    target: "/rbd/pnpm-volume/2010a801-58d7-44aa-996b-b55ae8147242/node_modules/.registry.npmjs.org/http-errors/1.7.2/node_modules/http-errors"
    link: "/rbd/pnpm-volume/2010a801-58d7-44aa-996b-b55ae8147242/node_modules/.registry.npmjs.org/body-parser/1.19.0/node_modules/http-errors"
  276 debug pnpm:link: 
    target: "/rbd/pnpm-volume/2010a801-58d7-44aa-996b-b55ae8147242/node_modules/.registry.npmjs.org/iconv-lite/0.4.24/node_modules/iconv-lite"
    link: "/rbd/pnpm-volume/2010a801-58d7-44aa-996b-b55ae8147242/node_modules/.registry.npmjs.org/body-parser/1.19.0/node_modules/iconv-lite"
  277 debug pnpm:link: 
    target: "/rbd/pnpm-volume/2010a801-58d7-44aa-996b-b55ae8147242/node_modules/.registry.npmjs.org/on-finished/2.3.0/node_modules/on-finished"
    link: "/rbd/pnpm-volume/2010a801-58d7-44aa-996b-b55ae8147242/node_modules/.registry.npmjs.org/body-parser/1.19.0/node_modules/on-finished"
  278 debug pnpm:link: 
    target: "/rbd/pnpm-volume/2010a801-58d7-44aa-996b-b55ae8147242/node_modules/.registry.npmjs.org/qs/6.7.0/node_modules/qs"
    link: "/rbd/pnpm-volume/2010a801-58d7-44aa-996b-b55ae8147242/node_modules/.registry.npmjs.org/body-parser/1.19.0/node_modules/qs"
  279 debug pnpm:link: 
    target: "/rbd/pnpm-volume/2010a801-58d7-44aa-996b-b55ae8147242/node_modules/.registry.npmjs.org/raw-body/2.4.0/node_modules/raw-body"
    link: "/rbd/pnpm-volume/2010a801-58d7-44aa-996b-b55ae8147242/node_modules/.registry.npmjs.org/body-parser/1.19.0/node_modules/raw-body"
  280 debug pnpm:link: 
    target: "/rbd/pnpm-volume/2010a801-58d7-44aa-996b-b55ae8147242/node_modules/.registry.npmjs.org/type-is/1.6.18/node_modules/type-is"
    link: "/rbd/pnpm-volume/2010a801-58d7-44aa-996b-b55ae8147242/node_modules/.registry.npmjs.org/body-parser/1.19.0/node_modules/type-is"
  281 debug pnpm:link: 
    target: "/rbd/pnpm-volume/2010a801-58d7-44aa-996b-b55ae8147242/node_modules/.registry.npmjs.org/ms/2.0.0/node_modules/ms"
    link: "/rbd/pnpm-volume/2010a801-58d7-44aa-996b-b55ae8147242/node_modules/.registry.npmjs.org/debug/2.6.9/node_modules/ms"
  282 debug pnpm:link: 
    target: "/rbd/pnpm-volume/2010a801-58d7-44aa-996b-b55ae8147242/node_modules/.registry.npmjs.org/depd/1.1.2/node_modules/depd"
    link: "/rbd/pnpm-volume/2010a801-58d7-44aa-996b-b55ae8147242/node_modules/.registry.npmjs.org/http-errors/1.7.2/node_modules/depd"
  283 debug pnpm:link: 
    target: "/rbd/pnpm-volume/2010a801-58d7-44aa-996b-b55ae8147242/node_modules/.registry.npmjs.org/inherits/2.0.3/node_modules/inherits"
    link: "/rbd/pnpm-volume/2010a801-58d7-44aa-996b-b55ae8147242/node_modules/.registry.npmjs.org/http-errors/1.7.2/node_modules/inherits"
  284 debug pnpm:link: 
    target: "/rbd/pnpm-volume/2010a801-58d7-44aa-996b-b55ae8147242/node_modules/.registry.npmjs.org/setprototypeof/1.1.1/node_modules/setprototypeof"
    link: "/rbd/pnpm-volume/2010a801-58d7-44aa-996b-b55ae8147242/node_modules/.registry.npmjs.org/http-errors/1.7.2/node_modules/setprototypeof"
  285 debug pnpm:link: 
    target: "/rbd/pnpm-volume/2010a801-58d7-44aa-996b-b55ae8147242/node_modules/.registry.npmjs.org/statuses/1.5.0/node_modules/statuses"
    link: "/rbd/pnpm-volume/2010a801-58d7-44aa-996b-b55ae8147242/node_modules/.registry.npmjs.org/http-errors/1.7.2/node_modules/statuses"
  286 debug pnpm:link: 
    target: "/rbd/pnpm-volume/2010a801-58d7-44aa-996b-b55ae8147242/node_modules/.registry.npmjs.org/toidentifier/1.0.0/node_modules/toidentifier"
    link: "/rbd/pnpm-volume/2010a801-58d7-44aa-996b-b55ae8147242/node_modules/.registry.npmjs.org/http-errors/1.7.2/node_modules/toidentifier"
  287 debug pnpm:link: 
    target: "/rbd/pnpm-volume/2010a801-58d7-44aa-996b-b55ae8147242/node_modules/.registry.npmjs.org/safer-buffer/2.1.2/node_modules/safer-buffer"
    link: "/rbd/pnpm-volume/2010a801-58d7-44aa-996b-b55ae8147242/node_modules/.registry.npmjs.org/iconv-lite/0.4.24/node_modules/safer-buffer"
  288 debug pnpm:link: 
    target: "/rbd/pnpm-volume/2010a801-58d7-44aa-996b-b55ae8147242/node_modules/.registry.npmjs.org/ee-first/1.1.1/node_modules/ee-first"
    link: "/rbd/pnpm-volume/2010a801-58d7-44aa-996b-b55ae8147242/node_modules/.registry.npmjs.org/on-finished/2.3.0/node_modules/ee-first"
  289 debug pnpm:link: 
    target: "/rbd/pnpm-volume/2010a801-58d7-44aa-996b-b55ae8147242/node_modules/.registry.npmjs.org/bytes/3.1.0/node_modules/bytes"
    link: "/rbd/pnpm-volume/2010a801-58d7-44aa-996b-b55ae8147242/node_modules/.registry.npmjs.org/raw-body/2.4.0/node_modules/bytes"
  290 debug pnpm:link: 
    target: "/rbd/pnpm-volume/2010a801-58d7-44aa-996b-b55ae8147242/node_modules/.registry.npmjs.org/http-errors/1.7.2/node_modules/http-errors"
    link: "/rbd/pnpm-volume/2010a801-58d7-44aa-996b-b55ae8147242/node_modules/.registry.npmjs.org/raw-body/2.4.0/node_modules/http-errors"
  291 debug pnpm:link: 
    target: "/rbd/pnpm-volume/2010a801-58d7-44aa-996b-b55ae8147242/node_modules/.registry.npmjs.org/iconv-lite/0.4.24/node_modules/iconv-lite"
    link: "/rbd/pnpm-volume/2010a801-58d7-44aa-996b-b55ae8147242/node_modules/.registry.npmjs.org/raw-body/2.4.0/node_modules/iconv-lite"
  292 debug pnpm:link: 
    target: "/rbd/pnpm-volume/2010a801-58d7-44aa-996b-b55ae8147242/node_modules/.registry.npmjs.org/unpipe/1.0.0/node_modules/unpipe"
    link: "/rbd/pnpm-volume/2010a801-58d7-44aa-996b-b55ae8147242/node_modules/.registry.npmjs.org/raw-body/2.4.0/node_modules/unpipe"
  293 debug pnpm:link: 
    target: "/rbd/pnpm-volume/2010a801-58d7-44aa-996b-b55ae8147242/node_modules/.registry.npmjs.org/media-typer/0.3.0/node_modules/media-typer"
    link: "/rbd/pnpm-volume/2010a801-58d7-44aa-996b-b55ae8147242/node_modules/.registry.npmjs.org/type-is/1.6.18/node_modules/media-typer"
  294 debug pnpm:link: 
    target: "/rbd/pnpm-volume/2010a801-58d7-44aa-996b-b55ae8147242/node_modules/.registry.npmjs.org/mime-types/2.1.25/node_modules/mime-types"
    link: "/rbd/pnpm-volume/2010a801-58d7-44aa-996b-b55ae8147242/node_modules/.registry.npmjs.org/type-is/1.6.18/node_modules/mime-types"
  295 debug pnpm:link: 
    target: "/rbd/pnpm-volume/2010a801-58d7-44aa-996b-b55ae8147242/node_modules/.registry.npmjs.org/safe-buffer/5.1.2/node_modules/safe-buffer"
    link: "/rbd/pnpm-volume/2010a801-58d7-44aa-996b-b55ae8147242/node_modules/.registry.npmjs.org/content-disposition/0.5.3/node_modules/safe-buffer"
  296 debug pnpm:link: 
    target: "/rbd/pnpm-volume/2010a801-58d7-44aa-996b-b55ae8147242/node_modules/.registry.npmjs.org/debug/2.6.9/node_modules/debug"
    link: "/rbd/pnpm-volume/2010a801-58d7-44aa-996b-b55ae8147242/node_modules/.registry.npmjs.org/finalhandler/1.1.2/node_modules/debug"
  297 debug pnpm:link: 
    target: "/rbd/pnpm-volume/2010a801-58d7-44aa-996b-b55ae8147242/node_modules/.registry.npmjs.org/encodeurl/1.0.2/node_modules/encodeurl"
    link: "/rbd/pnpm-volume/2010a801-58d7-44aa-996b-b55ae8147242/node_modules/.registry.npmjs.org/finalhandler/1.1.2/node_modules/encodeurl"
  298 debug pnpm:link: 
    target: "/rbd/pnpm-volume/2010a801-58d7-44aa-996b-b55ae8147242/node_modules/.registry.npmjs.org/escape-html/1.0.3/node_modules/escape-html"
    link: "/rbd/pnpm-volume/2010a801-58d7-44aa-996b-b55ae8147242/node_modules/.registry.npmjs.org/finalhandler/1.1.2/node_modules/escape-html"
  299 debug pnpm:link: 
    target: "/rbd/pnpm-volume/2010a801-58d7-44aa-996b-b55ae8147242/node_modules/.registry.npmjs.org/on-finished/2.3.0/node_modules/on-finished"
    link: "/rbd/pnpm-volume/2010a801-58d7-44aa-996b-b55ae8147242/node_modules/.registry.npmjs.org/finalhandler/1.1.2/node_modules/on-finished"
  300 debug pnpm:link: 
    target: "/rbd/pnpm-volume/2010a801-58d7-44aa-996b-b55ae8147242/node_modules/.registry.npmjs.org/parseurl/1.3.3/node_modules/parseurl"
    link: "/rbd/pnpm-volume/2010a801-58d7-44aa-996b-b55ae8147242/node_modules/.registry.npmjs.org/finalhandler/1.1.2/node_modules/parseurl"
  301 debug pnpm:link: 
    target: "/rbd/pnpm-volume/2010a801-58d7-44aa-996b-b55ae8147242/node_modules/.registry.npmjs.org/statuses/1.5.0/node_modules/statuses"
    link: "/rbd/pnpm-volume/2010a801-58d7-44aa-996b-b55ae8147242/node_modules/.registry.npmjs.org/finalhandler/1.1.2/node_modules/statuses"
  302 debug pnpm:link: 
    target: "/rbd/pnpm-volume/2010a801-58d7-44aa-996b-b55ae8147242/node_modules/.registry.npmjs.org/unpipe/1.0.0/node_modules/unpipe"
    link: "/rbd/pnpm-volume/2010a801-58d7-44aa-996b-b55ae8147242/node_modules/.registry.npmjs.org/finalhandler/1.1.2/node_modules/unpipe"
  303 debug pnpm:link: 
    target: "/rbd/pnpm-volume/2010a801-58d7-44aa-996b-b55ae8147242/node_modules/.registry.npmjs.org/forwarded/0.1.2/node_modules/forwarded"
    link: "/rbd/pnpm-volume/2010a801-58d7-44aa-996b-b55ae8147242/node_modules/.registry.npmjs.org/proxy-addr/2.0.5/node_modules/forwarded"
  304 debug pnpm:link: 
    target: "/rbd/pnpm-volume/2010a801-58d7-44aa-996b-b55ae8147242/node_modules/.registry.npmjs.org/ipaddr.js/1.9.0/node_modules/ipaddr.js"
    link: "/rbd/pnpm-volume/2010a801-58d7-44aa-996b-b55ae8147242/node_modules/.registry.npmjs.org/proxy-addr/2.0.5/node_modules/ipaddr.js"
  305 debug pnpm:link: 
    target: "/rbd/pnpm-volume/2010a801-58d7-44aa-996b-b55ae8147242/node_modules/.registry.npmjs.org/debug/2.6.9/node_modules/debug"
    link: "/rbd/pnpm-volume/2010a801-58d7-44aa-996b-b55ae8147242/node_modules/.registry.npmjs.org/send/0.17.1/node_modules/debug"
  306 debug pnpm:link: 
    target: "/rbd/pnpm-volume/2010a801-58d7-44aa-996b-b55ae8147242/node_modules/.registry.npmjs.org/depd/1.1.2/node_modules/depd"
    link: "/rbd/pnpm-volume/2010a801-58d7-44aa-996b-b55ae8147242/node_modules/.registry.npmjs.org/send/0.17.1/node_modules/depd"
  307 debug pnpm:link: 
    target: "/rbd/pnpm-volume/2010a801-58d7-44aa-996b-b55ae8147242/node_modules/.registry.npmjs.org/destroy/1.0.4/node_modules/destroy"
    link: "/rbd/pnpm-volume/2010a801-58d7-44aa-996b-b55ae8147242/node_modules/.registry.npmjs.org/send/0.17.1/node_modules/destroy"
  308 debug pnpm:link: 
    target: "/rbd/pnpm-volume/2010a801-58d7-44aa-996b-b55ae8147242/node_modules/.registry.npmjs.org/encodeurl/1.0.2/node_modules/encodeurl"
    link: "/rbd/pnpm-volume/2010a801-58d7-44aa-996b-b55ae8147242/node_modules/.registry.npmjs.org/send/0.17.1/node_modules/encodeurl"
  309 debug pnpm:link: 
    target: "/rbd/pnpm-volume/2010a801-58d7-44aa-996b-b55ae8147242/node_modules/.registry.npmjs.org/escape-html/1.0.3/node_modules/escape-html"
    link: "/rbd/pnpm-volume/2010a801-58d7-44aa-996b-b55ae8147242/node_modules/.registry.npmjs.org/send/0.17.1/node_modules/escape-html"
  310 debug pnpm:link: 
    target: "/rbd/pnpm-volume/2010a801-58d7-44aa-996b-b55ae8147242/node_modules/.registry.npmjs.org/etag/1.8.1/node_modules/etag"
    link: "/rbd/pnpm-volume/2010a801-58d7-44aa-996b-b55ae8147242/node_modules/.registry.npmjs.org/send/0.17.1/node_modules/etag"
  311 debug pnpm:link: 
    target: "/rbd/pnpm-volume/2010a801-58d7-44aa-996b-b55ae8147242/node_modules/.registry.npmjs.org/fresh/0.5.2/node_modules/fresh"
    link: "/rbd/pnpm-volume/2010a801-58d7-44aa-996b-b55ae8147242/node_modules/.registry.npmjs.org/send/0.17.1/node_modules/fresh"
  312 debug pnpm:link: 
    target: "/rbd/pnpm-volume/2010a801-58d7-44aa-996b-b55ae8147242/node_modules/.registry.npmjs.org/http-errors/1.7.3/node_modules/http-errors"
    link: "/rbd/pnpm-volume/2010a801-58d7-44aa-996b-b55ae8147242/node_modules/.registry.npmjs.org/send/0.17.1/node_modules/http-errors"
  313 debug pnpm:link: 
    target: "/rbd/pnpm-volume/2010a801-58d7-44aa-996b-b55ae8147242/node_modules/.registry.npmjs.org/mime/1.6.0/node_modules/mime"
    link: "/rbd/pnpm-volume/2010a801-58d7-44aa-996b-b55ae8147242/node_modules/.registry.npmjs.org/send/0.17.1/node_modules/mime"
  314 debug pnpm:link: 
    target: "/rbd/pnpm-volume/2010a801-58d7-44aa-996b-b55ae8147242/node_modules/.registry.npmjs.org/ms/2.1.1/node_modules/ms"
    link: "/rbd/pnpm-volume/2010a801-58d7-44aa-996b-b55ae8147242/node_modules/.registry.npmjs.org/send/0.17.1/node_modules/ms"
  315 debug pnpm:link: 
    target: "/rbd/pnpm-volume/2010a801-58d7-44aa-996b-b55ae8147242/node_modules/.registry.npmjs.org/on-finished/2.3.0/node_modules/on-finished"
    link: "/rbd/pnpm-volume/2010a801-58d7-44aa-996b-b55ae8147242/node_modules/.registry.npmjs.org/send/0.17.1/node_modules/on-finished"
  316 debug pnpm:link: 
    target: "/rbd/pnpm-volume/2010a801-58d7-44aa-996b-b55ae8147242/node_modules/.registry.npmjs.org/range-parser/1.2.1/node_modules/range-parser"
    link: "/rbd/pnpm-volume/2010a801-58d7-44aa-996b-b55ae8147242/node_modules/.registry.npmjs.org/send/0.17.1/node_modules/range-parser"
  317 debug pnpm:link: 
    target: "/rbd/pnpm-volume/2010a801-58d7-44aa-996b-b55ae8147242/node_modules/.registry.npmjs.org/statuses/1.5.0/node_modules/statuses"
    link: "/rbd/pnpm-volume/2010a801-58d7-44aa-996b-b55ae8147242/node_modules/.registry.npmjs.org/send/0.17.1/node_modules/statuses"
  318 debug pnpm:link: 
    target: "/rbd/pnpm-volume/2010a801-58d7-44aa-996b-b55ae8147242/node_modules/.registry.npmjs.org/depd/1.1.2/node_modules/depd"
    link: "/rbd/pnpm-volume/2010a801-58d7-44aa-996b-b55ae8147242/node_modules/.registry.npmjs.org/http-errors/1.7.3/node_modules/depd"
  319 debug pnpm:link: 
    target: "/rbd/pnpm-volume/2010a801-58d7-44aa-996b-b55ae8147242/node_modules/.registry.npmjs.org/inherits/2.0.4/node_modules/inherits"
    link: "/rbd/pnpm-volume/2010a801-58d7-44aa-996b-b55ae8147242/node_modules/.registry.npmjs.org/http-errors/1.7.3/node_modules/inherits"
  320 debug pnpm:link: 
    target: "/rbd/pnpm-volume/2010a801-58d7-44aa-996b-b55ae8147242/node_modules/.registry.npmjs.org/setprototypeof/1.1.1/node_modules/setprototypeof"
    link: "/rbd/pnpm-volume/2010a801-58d7-44aa-996b-b55ae8147242/node_modules/.registry.npmjs.org/http-errors/1.7.3/node_modules/setprototypeof"
  321 debug pnpm:link: 
    target: "/rbd/pnpm-volume/2010a801-58d7-44aa-996b-b55ae8147242/node_modules/.registry.npmjs.org/statuses/1.5.0/node_modules/statuses"
    link: "/rbd/pnpm-volume/2010a801-58d7-44aa-996b-b55ae8147242/node_modules/.registry.npmjs.org/http-errors/1.7.3/node_modules/statuses"
  322 debug pnpm:link: 
    target: "/rbd/pnpm-volume/2010a801-58d7-44aa-996b-b55ae8147242/node_modules/.registry.npmjs.org/toidentifier/1.0.0/node_modules/toidentifier"
    link: "/rbd/pnpm-volume/2010a801-58d7-44aa-996b-b55ae8147242/node_modules/.registry.npmjs.org/http-errors/1.7.3/node_modules/toidentifier"
  323 error pnpm: "Cannot read property 'fromStore' of undefined"
